{"/Users/sprasannavenketesh/Downloads/projects/todo-test/src/TodoApp.jsx": {"path":"/Users/sprasannavenketesh/Downloads/projects/todo-test/src/TodoApp.jsx","statementMap":{"0":{"start":{"line":5,"column":28},"end":{"line":5,"column":46}},"1":{"start":{"line":6,"column":28},"end":{"line":6,"column":46}},"2":{"start":{"line":7,"column":30},"end":{"line":7,"column":51}},"3":{"start":{"line":9,"column":18},"end":{"line":14,"column":3}},"4":{"start":{"line":10,"column":4},"end":{"line":13,"column":5}},"5":{"start":{"line":11,"column":6},"end":{"line":11,"column":78}},"6":{"start":{"line":12,"column":6},"end":{"line":12,"column":19}},"7":{"start":{"line":16,"column":21},"end":{"line":18,"column":3}},"8":{"start":{"line":17,"column":4},"end":{"line":17,"column":53}},"9":{"start":{"line":17,"column":36},"end":{"line":17,"column":50}},"10":{"start":{"line":20,"column":21},"end":{"line":26,"column":3}},"11":{"start":{"line":21,"column":4},"end":{"line":25,"column":6}},"12":{"start":{"line":23,"column":8},"end":{"line":23,"column":71}},"13":{"start":{"line":28,"column":25},"end":{"line":30,"column":3}},"14":{"start":{"line":29,"column":4},"end":{"line":29,"column":54}},"15":{"start":{"line":29,"column":36},"end":{"line":29,"column":51}},"16":{"start":{"line":32,"column":24},"end":{"line":36,"column":4}},"17":{"start":{"line":33,"column":4},"end":{"line":33,"column":54}},"18":{"start":{"line":33,"column":32},"end":{"line":33,"column":54}},"19":{"start":{"line":34,"column":4},"end":{"line":34,"column":52}},"20":{"start":{"line":34,"column":29},"end":{"line":34,"column":52}},"21":{"start":{"line":35,"column":4},"end":{"line":35,"column":16}},"22":{"start":{"line":38,"column":22},"end":{"line":38,"column":68}},"23":{"start":{"line":38,"column":45},"end":{"line":38,"column":60}},"24":{"start":{"line":39,"column":25},"end":{"line":39,"column":70}},"25":{"start":{"line":39,"column":48},"end":{"line":39,"column":62}},"26":{"start":{"line":41,"column":25},"end":{"line":45,"column":3}},"27":{"start":{"line":42,"column":4},"end":{"line":44,"column":5}},"28":{"start":{"line":43,"column":6},"end":{"line":43,"column":16}},"29":{"start":{"line":47,"column":2},"end":{"line":159,"column":4}},"30":{"start":{"line":56,"column":29},"end":{"line":56,"column":53}},"31":{"start":{"line":91,"column":27},"end":{"line":91,"column":43}},"32":{"start":{"line":98,"column":27},"end":{"line":98,"column":46}},"33":{"start":{"line":105,"column":27},"end":{"line":105,"column":49}},"34":{"start":{"line":122,"column":16},"end":{"line":142,"column":21}},"35":{"start":{"line":130,"column":36},"end":{"line":130,"column":55}},"36":{"start":{"line":136,"column":35},"end":{"line":136,"column":54}}},"fnMap":{"0":{"name":"TodoApp","decl":{"start":{"line":4,"column":16},"end":{"line":4,"column":23}},"loc":{"start":{"line":4,"column":26},"end":{"line":160,"column":1}},"line":4},"1":{"name":"(anonymous_1)","decl":{"start":{"line":9,"column":18},"end":{"line":9,"column":19}},"loc":{"start":{"line":9,"column":24},"end":{"line":14,"column":3}},"line":9},"2":{"name":"(anonymous_2)","decl":{"start":{"line":16,"column":21},"end":{"line":16,"column":22}},"loc":{"start":{"line":16,"column":29},"end":{"line":18,"column":3}},"line":16},"3":{"name":"(anonymous_3)","decl":{"start":{"line":17,"column":26},"end":{"line":17,"column":27}},"loc":{"start":{"line":17,"column":36},"end":{"line":17,"column":50}},"line":17},"4":{"name":"(anonymous_4)","decl":{"start":{"line":20,"column":21},"end":{"line":20,"column":22}},"loc":{"start":{"line":20,"column":29},"end":{"line":26,"column":3}},"line":20},"5":{"name":"(anonymous_5)","decl":{"start":{"line":22,"column":16},"end":{"line":22,"column":17}},"loc":{"start":{"line":23,"column":8},"end":{"line":23,"column":71}},"line":23},"6":{"name":"(anonymous_6)","decl":{"start":{"line":28,"column":25},"end":{"line":28,"column":26}},"loc":{"start":{"line":28,"column":31},"end":{"line":30,"column":3}},"line":28},"7":{"name":"(anonymous_7)","decl":{"start":{"line":29,"column":26},"end":{"line":29,"column":27}},"loc":{"start":{"line":29,"column":36},"end":{"line":29,"column":51}},"line":29},"8":{"name":"(anonymous_8)","decl":{"start":{"line":32,"column":37},"end":{"line":32,"column":38}},"loc":{"start":{"line":32,"column":47},"end":{"line":36,"column":3}},"line":32},"9":{"name":"(anonymous_9)","decl":{"start":{"line":38,"column":35},"end":{"line":38,"column":36}},"loc":{"start":{"line":38,"column":45},"end":{"line":38,"column":60}},"line":38},"10":{"name":"(anonymous_10)","decl":{"start":{"line":39,"column":38},"end":{"line":39,"column":39}},"loc":{"start":{"line":39,"column":48},"end":{"line":39,"column":62}},"line":39},"11":{"name":"(anonymous_11)","decl":{"start":{"line":41,"column":25},"end":{"line":41,"column":26}},"loc":{"start":{"line":41,"column":32},"end":{"line":45,"column":3}},"line":41},"12":{"name":"(anonymous_12)","decl":{"start":{"line":56,"column":22},"end":{"line":56,"column":23}},"loc":{"start":{"line":56,"column":29},"end":{"line":56,"column":53}},"line":56},"13":{"name":"(anonymous_13)","decl":{"start":{"line":91,"column":21},"end":{"line":91,"column":22}},"loc":{"start":{"line":91,"column":27},"end":{"line":91,"column":43}},"line":91},"14":{"name":"(anonymous_14)","decl":{"start":{"line":98,"column":21},"end":{"line":98,"column":22}},"loc":{"start":{"line":98,"column":27},"end":{"line":98,"column":46}},"line":98},"15":{"name":"(anonymous_15)","decl":{"start":{"line":105,"column":21},"end":{"line":105,"column":22}},"loc":{"start":{"line":105,"column":27},"end":{"line":105,"column":49}},"line":105},"16":{"name":"(anonymous_16)","decl":{"start":{"line":121,"column":33},"end":{"line":121,"column":34}},"loc":{"start":{"line":122,"column":16},"end":{"line":142,"column":21}},"line":122},"17":{"name":"(anonymous_17)","decl":{"start":{"line":130,"column":30},"end":{"line":130,"column":31}},"loc":{"start":{"line":130,"column":36},"end":{"line":130,"column":55}},"line":130},"18":{"name":"(anonymous_18)","decl":{"start":{"line":136,"column":29},"end":{"line":136,"column":30}},"loc":{"start":{"line":136,"column":35},"end":{"line":136,"column":54}},"line":136}},"branchMap":{"0":{"loc":{"start":{"line":10,"column":4},"end":{"line":13,"column":5}},"type":"if","locations":[{"start":{"line":10,"column":4},"end":{"line":13,"column":5}},{"start":{},"end":{}}],"line":10},"1":{"loc":{"start":{"line":23,"column":8},"end":{"line":23,"column":71}},"type":"cond-expr","locations":[{"start":{"line":23,"column":25},"end":{"line":23,"column":64}},{"start":{"line":23,"column":67},"end":{"line":23,"column":71}}],"line":23},"2":{"loc":{"start":{"line":33,"column":4},"end":{"line":33,"column":54}},"type":"if","locations":[{"start":{"line":33,"column":4},"end":{"line":33,"column":54}},{"start":{},"end":{}}],"line":33},"3":{"loc":{"start":{"line":34,"column":4},"end":{"line":34,"column":52}},"type":"if","locations":[{"start":{"line":34,"column":4},"end":{"line":34,"column":52}},{"start":{},"end":{}}],"line":34},"4":{"loc":{"start":{"line":42,"column":4},"end":{"line":44,"column":5}},"type":"if","locations":[{"start":{"line":42,"column":4},"end":{"line":44,"column":5}},{"start":{},"end":{}}],"line":42},"5":{"loc":{"start":{"line":90,"column":37},"end":{"line":90,"column":69}},"type":"cond-expr","locations":[{"start":{"line":90,"column":56},"end":{"line":90,"column":64}},{"start":{"line":90,"column":67},"end":{"line":90,"column":69}}],"line":90},"6":{"loc":{"start":{"line":97,"column":37},"end":{"line":97,"column":72}},"type":"cond-expr","locations":[{"start":{"line":97,"column":59},"end":{"line":97,"column":67}},{"start":{"line":97,"column":70},"end":{"line":97,"column":72}}],"line":97},"7":{"loc":{"start":{"line":104,"column":37},"end":{"line":104,"column":75}},"type":"cond-expr","locations":[{"start":{"line":104,"column":62},"end":{"line":104,"column":70}},{"start":{"line":104,"column":73},"end":{"line":104,"column":75}}],"line":104},"8":{"loc":{"start":{"line":113,"column":11},"end":{"line":145,"column":11}},"type":"cond-expr","locations":[{"start":{"line":114,"column":12},"end":{"line":118,"column":18}},{"start":{"line":120,"column":12},"end":{"line":144,"column":17}}],"line":113},"9":{"loc":{"start":{"line":115,"column":15},"end":{"line":117,"column":38}},"type":"cond-expr","locations":[{"start":{"line":116,"column":18},"end":{"line":116,"column":57}},{"start":{"line":117,"column":18},"end":{"line":117,"column":38}}],"line":115},"10":{"loc":{"start":{"line":124,"column":42},"end":{"line":124,"column":75}},"type":"cond-expr","locations":[{"start":{"line":124,"column":59},"end":{"line":124,"column":70}},{"start":{"line":124,"column":73},"end":{"line":124,"column":75}}],"line":124},"11":{"loc":{"start":{"line":148,"column":9},"end":{"line":156,"column":9}},"type":"binary-expr","locations":[{"start":{"line":148,"column":9},"end":{"line":148,"column":27}},{"start":{"line":149,"column":10},"end":{"line":155,"column":19}}],"line":148}},"s":{"0":515,"1":514,"2":514,"3":514,"4":40,"5":38,"6":38,"7":514,"8":3,"9":7,"10":514,"11":18,"12":40,"13":514,"14":1,"15":3,"16":514,"17":282,"18":8,"19":274,"20":6,"21":268,"22":514,"23":282,"24":514,"25":282,"26":514,"27":422,"28":1,"29":514,"30":421,"31":1,"32":2,"33":2,"34":273,"35":18,"36":3},"f":{"0":515,"1":40,"2":3,"3":7,"4":18,"5":40,"6":1,"7":3,"8":282,"9":282,"10":282,"11":422,"12":421,"13":1,"14":2,"15":2,"16":273,"17":18,"18":3},"b":{"0":[38,2],"1":[18,22],"2":[8,274],"3":[6,268],"4":[1,421],"5":[509,5],"6":[2,512],"7":[3,511],"8":[342,172],"9":[341,1],"10":[27,246],"11":[514,22]},"_coverageSchema":"1a1c01bbd47fc00a2c39e90264f33305004495a9","hash":"937bc94cb3ca48d4c503e5fdf045a3072ad3faba"}
}
