TN:
SF:src/TodoApp.jsx
FN:4,TodoApp
FN:9,(anonymous_1)
FN:16,(anonymous_2)
FN:17,(anonymous_3)
FN:20,(anonymous_4)
FN:22,(anonymous_5)
FN:28,(anonymous_6)
FN:29,(anonymous_7)
FN:32,(anonymous_8)
FN:38,(anonymous_9)
FN:39,(anonymous_10)
FN:41,(anonymous_11)
FN:56,(anonymous_12)
FN:91,(anonymous_13)
FN:98,(anonymous_14)
FN:105,(anonymous_15)
FN:121,(anonymous_16)
FN:130,(anonymous_17)
FN:136,(anonymous_18)
FNF:19
FNH:19
FNDA:515,TodoApp
FNDA:40,(anonymous_1)
FNDA:3,(anonymous_2)
FNDA:7,(anonymous_3)
FNDA:18,(anonymous_4)
FNDA:40,(anonymous_5)
FNDA:1,(anonymous_6)
FNDA:3,(anonymous_7)
FNDA:282,(anonymous_8)
FNDA:282,(anonymous_9)
FNDA:282,(anonymous_10)
FNDA:422,(anonymous_11)
FNDA:421,(anonymous_12)
FNDA:1,(anonymous_13)
FNDA:2,(anonymous_14)
FNDA:2,(anonymous_15)
FNDA:273,(anonymous_16)
FNDA:18,(anonymous_17)
FNDA:3,(anonymous_18)
DA:5,515
DA:6,514
DA:7,514
DA:9,514
DA:10,40
DA:11,38
DA:12,38
DA:16,514
DA:17,7
DA:20,514
DA:21,18
DA:23,40
DA:28,514
DA:29,3
DA:32,514
DA:33,282
DA:34,274
DA:35,268
DA:38,514
DA:39,514
DA:41,514
DA:42,422
DA:43,1
DA:47,514
DA:56,421
DA:91,1
DA:98,2
DA:105,2
DA:122,273
DA:130,18
DA:136,3
LF:31
LH:31
BRDA:10,0,0,38
BRDA:10,0,1,2
BRDA:23,1,0,18
BRDA:23,1,1,22
BRDA:33,2,0,8
BRDA:33,2,1,274
BRDA:34,3,0,6
BRDA:34,3,1,268
BRDA:42,4,0,1
BRDA:42,4,1,421
BRDA:90,5,0,509
BRDA:90,5,1,5
BRDA:97,6,0,2
BRDA:97,6,1,512
BRDA:104,7,0,3
BRDA:104,7,1,511
BRDA:113,8,0,342
BRDA:113,8,1,172
BRDA:115,9,0,341
BRDA:115,9,1,1
BRDA:124,10,0,27
BRDA:124,10,1,246
BRDA:148,11,0,514
BRDA:148,11,1,22
BRF:24
BRH:24
end_of_record
